Determining if the pthread_create exist failed with the following output:
Change Dir: /home/mueavi-pc-01/workspaces/vscodeworkspace/MUEAVI_SDK2/build/CMakeFiles/CMakeTmp

Run Build Command:"/usr/bin/make" "cmTC_ec03d/fast"
/usr/bin/make -f CMakeFiles/cmTC_ec03d.dir/build.make CMakeFiles/cmTC_ec03d.dir/build
make[1]: Entering directory '/home/mueavi-pc-01/workspaces/vscodeworkspace/MUEAVI_SDK2/build/CMakeFiles/CMakeTmp'
Building CXX object CMakeFiles/cmTC_ec03d.dir/CheckSymbolExists.cxx.o
/usr/bin/c++    -std=c++11    -o CMakeFiles/cmTC_ec03d.dir/CheckSymbolExists.cxx.o -c /home/mueavi-pc-01/workspaces/vscodeworkspace/MUEAVI_SDK2/build/CMakeFiles/CMakeTmp/CheckSymbolExists.cxx
Linking CXX executable cmTC_ec03d
/usr/bin/cmake -E cmake_link_script CMakeFiles/cmTC_ec03d.dir/link.txt --verbose=1
/usr/bin/c++  -std=c++11     CMakeFiles/cmTC_ec03d.dir/CheckSymbolExists.cxx.o  -o cmTC_ec03d 
CMakeFiles/cmTC_ec03d.dir/CheckSymbolExists.cxx.o: In function `main':
CheckSymbolExists.cxx:(.text+0x1b): undefined reference to `pthread_create'
collect2: error: ld returned 1 exit status
CMakeFiles/cmTC_ec03d.dir/build.make:97: recipe for target 'cmTC_ec03d' failed
make[1]: *** [cmTC_ec03d] Error 1
make[1]: Leaving directory '/home/mueavi-pc-01/workspaces/vscodeworkspace/MUEAVI_SDK2/build/CMakeFiles/CMakeTmp'
Makefile:126: recipe for target 'cmTC_ec03d/fast' failed
make: *** [cmTC_ec03d/fast] Error 2

File /home/mueavi-pc-01/workspaces/vscodeworkspace/MUEAVI_SDK2/build/CMakeFiles/CMakeTmp/CheckSymbolExists.cxx:
/* */
#include <pthread.h>

int main(int argc, char** argv)
{
  (void)argv;
#ifndef pthread_create
  return ((int*)(&pthread_create))[argc];
#else
  (void)argc;
  return 0;
#endif
}

Determining if the function pthread_create exists in the pthreads failed with the following output:
Change Dir: /home/mueavi-pc-01/workspaces/vscodeworkspace/MUEAVI_SDK2/build/CMakeFiles/CMakeTmp

Run Build Command:"/usr/bin/make" "cmTC_f7fe9/fast"
/usr/bin/make -f CMakeFiles/cmTC_f7fe9.dir/build.make CMakeFiles/cmTC_f7fe9.dir/build
make[1]: Entering directory '/home/mueavi-pc-01/workspaces/vscodeworkspace/MUEAVI_SDK2/build/CMakeFiles/CMakeTmp'
Building CXX object CMakeFiles/cmTC_f7fe9.dir/CheckFunctionExists.cxx.o
/usr/bin/c++    -std=c++11 -DCHECK_FUNCTION_EXISTS=pthread_create   -o CMakeFiles/cmTC_f7fe9.dir/CheckFunctionExists.cxx.o -c /home/mueavi-pc-01/workspaces/vscodeworkspace/MUEAVI_SDK2/build/CMakeFiles/CheckLibraryExists/CheckFunctionExists.cxx
Linking CXX executable cmTC_f7fe9
/usr/bin/cmake -E cmake_link_script CMakeFiles/cmTC_f7fe9.dir/link.txt --verbose=1
/usr/bin/c++  -std=c++11 -DCHECK_FUNCTION_EXISTS=pthread_create    CMakeFiles/cmTC_f7fe9.dir/CheckFunctionExists.cxx.o  -o cmTC_f7fe9 -lpthreads 
/usr/bin/ld: cannot find -lpthreads
collect2: error: ld returned 1 exit status
CMakeFiles/cmTC_f7fe9.dir/build.make:97: recipe for target 'cmTC_f7fe9' failed
make[1]: *** [cmTC_f7fe9] Error 1
make[1]: Leaving directory '/home/mueavi-pc-01/workspaces/vscodeworkspace/MUEAVI_SDK2/build/CMakeFiles/CMakeTmp'
Makefile:126: recipe for target 'cmTC_f7fe9/fast' failed
make: *** [cmTC_f7fe9/fast] Error 2


